app/build/intermediates/manifest_merge_blame_file/debug/manifest-merger-blame-debug-report.txt
1<?xml version="1.0" encoding="utf-8"?>
2<manifest xmlns:android="http://schemas.android.com/apk/res/android"
3    package="com.example.averagecalculator"
4    android:versionCode="1"
5    android:versionName="1.0" >
6
7    <uses-sdk
8        android:minSdkVersion="16"
8-->src/main/AndroidManifest.xml
9        android:targetSdkVersion="33" />
9-->src/main/AndroidManifest.xml
10
11    <application
11-->src/main/AndroidManifest.xml:5:5-29:19
12        android:allowBackup="true"
12-->src/main/AndroidManifest.xml:6:9-35
13        android:appComponentFactory="androidx.core.app.CoreComponentFactory"
13-->[androidx.core:core:1.5.0] AndroidManifest.xml:24:18-86
14        android:debuggable="true"
15        android:icon="@mipmap/ic_launcher"
15-->src/main/AndroidManifest.xml:7:9-43
16        android:label="@string/app_name"
16-->src/main/AndroidManifest.xml:8:9-41
17        android:roundIcon="@mipmap/ic_launcher_round"
17-->src/main/AndroidManifest.xml:9:9-54
18        android:supportsRtl="true"
18-->src/main/AndroidManifest.xml:10:9-35
19        android:testOnly="true"
20        android:theme="@style/Theme.AverageCalculator" >
20-->src/main/AndroidManifest.xml:11:9-55
21        <activity
21-->src/main/AndroidManifest.xml:12:9-15:20
22            android:name="com.example.averagecalculator.GradesActivity"
22-->src/main/AndroidManifest.xml:13:13-43
23            android:windowSoftInputMode="stateHidden" >
23-->src/main/AndroidManifest.xml:14:13-54
24        </activity>
25        <activity
25-->src/main/AndroidManifest.xml:16:9-24:20
26            android:name="com.example.averagecalculator.MainActivity"
26-->src/main/AndroidManifest.xml:17:13-41
27            android:exported="true" >
27-->src/main/AndroidManifest.xml:18:13-36
28            <intent-filter>
28-->src/main/AndroidManifest.xml:19:13-23:29
29                <action android:name="android.intent.action.MAIN" />
29-->src/main/AndroidManifest.xml:20:17-69
29-->src/main/AndroidManifest.xml:20:25-66
30
31                <category android:name="android.intent.category.LAUNCHER" />
31-->src/main/AndroidManifest.xml:22:17-77
31-->src/main/AndroidManifest.xml:22:27-74
32            </intent-filter>
33        </activity>
34
35        <meta-data
35-->src/main/AndroidManifest.xml:26:9-28:57
36            android:name="preloaded_fonts"
36-->src/main/AndroidManifest.xml:27:13-43
37            android:resource="@array/preloaded_fonts" />
37-->src/main/AndroidManifest.xml:28:13-54
38    </application>
39
40</manifest>